<?xml version="1.0" encoding="ISO-8859-1" ?>
<!DOCTYPE html PUBLIC "-//W3C//DTD XHTML 1.0 Strict//EN"
"http://www.w3.org/TR/xhtml1/DTD/xhtml1-strict.dtd">
<html xmlns="http://www.w3.org/1999/xhtml" xml:lang="en" lang="en">
<head>
  <meta http-equiv="Content-Type" content="text/html;charset=utf-8" />
  <meta name="description" content="TestNG unit test results." />
  <link href="css/bootstrap.min.css" rel="stylesheet" />
  <link href="css/reportngClass.css" rel="stylesheet" />
  <script type="text/javascript" src="js/reportngClass.js"></script>
  <script type="text/javascript" src="js/jquery-1.4.4.min.js"></script> 
  <script type="text/javascript" src="js/jquery.tablesorter.min.js"></script>
  <script type="text/javascript" src="js/json-min.js"></script>
  <script type="text/javascript">
	$(document).ready(function(){
		$('.tablesorter').tablesorter({sortList: [[0,0]]});
	});
  </script>
</head>
<body onload="doParse(); return false;" onkeypress="collapseExpand();">
<div class="well well-large">
	<b>Test Info</>
	<table class="table">
	  <tr>
	    <th>Test Name : </th>
	    <th>
	    	<div class="tooltipCustom">
	    		<img src="images/copy.png" width="10" height="15" alt="Copy to Clipboard" onclick="copyToClipboard('#testNameId')"/>
	    		<span class="tooltiptextCustom">Copy Test name</span>
			</div>
	    </th>
	    <th id="testNameId">Regression1</th> 
	  </tr>
	  <tr>
	    <th>Test Class : </th>
	    <th>
	    	<div class="tooltipCustom">
	    		<img src="images/copy.png" width="10" height="15" alt="Copy to Clipboard" onclick="copyToClipboard('#testClassId')"/>
	    		<span class="tooltiptextCustom">Copy full path Class name</span>
			</div>
	    	<div class="tooltipCustom">
	    		<img src="images/copy.png" width="10" height="15" alt="Copy to Clipboard" onclick="copyToClipboard('#testClassNameId')"/>
	    		<span class="tooltiptextCustom">Copy Class name</span>
			</div>
	    </th> 
	    <th id="testClassId">Selenium.VerifyLogin5<br>Selenium.VerifyLogin4<br></th>
	    <th id="testClassNameId" hidden="true">VerifyLogin5<br>VerifyLogin4<br></th>
	  </tr>
	  <tr>
	    <th>Suite Name : </th>
	    <th>
	    	<div class="tooltipCustom">
	    		<img src="images/copy.png" width="10" height="15" alt="Copy to Clipboard" onclick="copyToClipboard('#suiteNameId')"/>
	    		<span class="tooltiptextCustom">Copy Suite name</span>
			</div>
		</th>
	    <th id="suiteNameId">Suite1</th>
	  </tr>
	  <tr>
	    <th>Suite XML : </th>
	    <th>
	    	<div class="tooltipCustom">
	    		<img src="images/copy.png" width="10" height="15" alt="Copy to Clipboard" onclick="copyToClipboard('#suiteXMLId')"/>
	    		<span class="tooltiptextCustom">Copy Suite full path name</span>
			</div>
	    	<div class="tooltipCustom">
	    		<img src="images/copy.png" width="10" height="15" alt="Copy to Clipboard" onclick="copyToClipboard('#suiteXMLNameId')"/>
	    		<span class="tooltiptextCustom">Copy Suite file name</span>
			</div>
	    </th> 
	  	<th id="suiteXMLId">D:\IntelliJ Projects\Hoc_Automation\testng2.xml</th>
	  	<th id="suiteXMLNameId" hidden="true">testng2.xml</th>
	  </tr>
	  	  <tr>
	    <th>Total Time : </th>
	    <th></th>
	    <th>00:00:12</th> 
	  </tr>
	  <tr>
	    <th>Total Steps : </th>
	   	<th></th>
	    <th>4</th> 
	  </tr>
	  <tr>
	    <th>Status : </th>
	    <th></th>
	    <th><font color="red">FAIL</font></th> 
	  </tr>
	</table>
</div>
<div class="well well-large">
	<div class="row">
		<div class="col-xs-12">
	        <div class="text-right">
	            <button id="hideResults" type="button" class="btn-danger" onclick="collapseExpand(this);" onkeypress="collapseExpand(this);" class="btn pull-right" title="Click or Press Any key to collapse/expand All Failed Tests and Configuration Methods">Show Only Failures</button>
	        </div>
	    </div>
	</div>
	<table class="tablesorter" border="1">
		<thead>
		<tr>
		<th class="headerTime">Time</th>
		<th class="headerTime" width="12%">Info</th>
		<th class="headerTime" width="88%">Test</th>
		</tr>
		</thead>
		<tbody>
		
				
				
																
											<tr>
	<td class="time">1709126235642</td>
	<td class="header failed" colspan="4" onClick="toggleElement('41fc3041-28cf-42de-a20d-884ad66c1752','block');changeSingleIcon('span-41fc3041-28cf-42de-a20d-884ad66c1752');" title="Click to expand/collapse" style="cursor: pointer;">
	<div style="float:left;"><i>Class&nbsp;:&nbsp;</i>Selenium.VerifyLogin4</div>
	<div style="float:right;">@Test @ with DataProvider : [""] &nbsp;&nbsp;<span id='span-41fc3041-28cf-42de-a20d-884ad66c1752' class="glyphicon glyphicon-menu-down"></span></div>
	</td>
	</tr>
<tr>
	<td class="time">1709126235642</td>
	<td class="methodTest">
		<span class="description"><b>Method: </b>testLogin02</span><br>
			<span class="description"><b>Description: </b>TC02: Verify Login Successful</span><br>
				<span class="description"><b>Priority: </b><font color='blue'>2</font></span><br>
					<span class="description"><b>Groups: </b><font color='green'>Smoke Test, Regression Test</font></span><br>
				<span class="duration"><b>Duration: </b>0.756s</span><br>
	</td>
	<td class="result">
						<div class="noCollapse" id="41fc3041-28cf-42de-a20d-884ad66c1752" style="display: block;">
						<a href="javascript:toggleElement('exception-41fc3041-28cf-42de-a20d-884ad66c1752','block')" title="Click to expand/collapse"><b>org.openqa.selenium.StaleElementReferenceException: stale element reference: stale element not found<br/>
&nbsp; (Session info: chrome=121.0.6167.189)<br/>
For documentation on this error, please visit: https://www.selenium.dev/documentation/webdriver/troubleshooting/errors#stale-element-reference-exception<br/>
Build info: version: &apos;4.18.1&apos;, revision: &apos;b1d3319b48&apos;<br/>
System info: os.name: &apos;Windows 11&apos;, os.arch: &apos;amd64&apos;, os.version: &apos;10.0&apos;, java.version: &apos;21.0.2&apos;<br/>
Driver info: org.openqa.selenium.chrome.ChromeDriver<br/>
Command: [9920f005fc795b7fd685c5399ae06bbd, sendKeysToElement {value=[Ljava.lang.CharSequence;@7265e0c, id=78E484AF2960E2DBF05A14178C2B5065_element_29}]<br/>
Capabilities {acceptInsecureCerts: false, browserName: chrome, browserVersion: 121.0.6167.189, chrome: {chromedriverVersion: 121.0.6167.184 (057a8ae7deb..., userDataDir: C:\Users\Admin\AppData\Loca...}, fedcm:accounts: true, goog:chromeOptions: {debuggerAddress: localhost:54048}, networkConnectionEnabled: false, pageLoadStrategy: normal, platformName: windows, proxy: Proxy(), se:cdp: ws://localhost:54048/devtoo..., se:cdpVersion: 121.0.6167.189, setWindowRect: true, strictFileInteractability: false, timeouts: {implicit: 0, pageLoad: 300000, script: 30000}, unhandledPromptBehavior: dismiss and notify, webauthn:extension:credBlob: true, webauthn:extension:largeBlob: true, webauthn:extension:minPinLength: true, webauthn:extension:prf: true, webauthn:virtualAuthenticators: true}<br/>
Element: [[ChromeDriver: chrome on windows (9920f005fc795b7fd685c5399ae06bbd)] -&gt; name: username]<br/>
Session ID: 9920f005fc795b7fd685c5399ae06bbd</b></a><br/>
		<div class="stackTrace" id="exception-41fc3041-28cf-42de-a20d-884ad66c1752">
					java.base/jdk.internal.reflect.DirectConstructorHandleAccessor.newInstance(DirectConstructorHandleAccessor.java:62)<br/>
					java.base/java.lang.reflect.Constructor.newInstanceWithCaller(Constructor.java:502)<br/>
					java.base/java.lang.reflect.Constructor.newInstance(Constructor.java:486)<br/>
					org.openqa.selenium.remote.ErrorCodec.decode(ErrorCodec.java:167)<br/>
					org.openqa.selenium.remote.codec.w3c.W3CHttpResponseCodec.decode(W3CHttpResponseCodec.java:138)<br/>
					org.openqa.selenium.remote.codec.w3c.W3CHttpResponseCodec.decode(W3CHttpResponseCodec.java:50)<br/>
					org.openqa.selenium.remote.HttpCommandExecutor.execute(HttpCommandExecutor.java:190)<br/>
					org.openqa.selenium.remote.service.DriverCommandExecutor.invokeExecute(DriverCommandExecutor.java:216)<br/>
					org.openqa.selenium.remote.service.DriverCommandExecutor.execute(DriverCommandExecutor.java:174)<br/>
					org.openqa.selenium.remote.RemoteWebDriver.execute(RemoteWebDriver.java:519)<br/>
					org.openqa.selenium.remote.RemoteWebElement.execute(RemoteWebElement.java:223)<br/>
					org.openqa.selenium.remote.RemoteWebElement.sendKeys(RemoteWebElement.java:110)<br/>
					pages.BasePage.inputValue(BasePage.java:45)<br/>
					pages.LoginPage.login(LoginPage.java:14)<br/>
					Selenium.VerifyLogin4.testLogin02(VerifyLogin4.java:44)<br/>
					java.base/jdk.internal.reflect.DirectMethodHandleAccessor.invoke(DirectMethodHandleAccessor.java:103)<br/>
					java.base/java.lang.reflect.Method.invoke(Method.java:580)<br/>
					org.testng.internal.invokers.MethodInvocationHelper.invokeMethod(MethodInvocationHelper.java:139)<br/>
					org.testng.internal.invokers.TestInvoker.invokeMethod(TestInvoker.java:664)<br/>
					org.testng.internal.invokers.TestInvoker.invokeTestMethod(TestInvoker.java:228)<br/>
					org.testng.internal.invokers.MethodRunner.runInSequence(MethodRunner.java:63)<br/>
					org.testng.internal.invokers.TestInvoker$MethodInvocationAgent.invoke(TestInvoker.java:961)<br/>
					org.testng.internal.invokers.TestInvoker.invokeTestMethods(TestInvoker.java:201)<br/>
					org.testng.internal.invokers.TestMethodWorker.invokeTestMethods(TestMethodWorker.java:148)<br/>
					org.testng.internal.invokers.TestMethodWorker.run(TestMethodWorker.java:128)<br/>
					java.base/java.util.concurrent.Executors$RunnableAdapter.call(Executors.java:572)<br/>
					java.base/java.util.concurrent.FutureTask.run(FutureTask.java:317)<br/>
					org.testng.internal.thread.graph.TestNGFutureTask.run(TestNGFutureTask.java:22)<br/>
					java.base/java.util.concurrent.ThreadPoolExecutor.runWorker(ThreadPoolExecutor.java:1144)<br/>
					java.base/java.util.concurrent.ThreadPoolExecutor$Worker.run(ThreadPoolExecutor.java:642)<br/>
					java.base/java.lang.Thread.run(Thread.java:1583)<br/>
						</div>
		</td>
	</div>
</tr>
					<tr>
	<td class="time">1709126225628</td>
	<td class="header failed" colspan="4" onClick="toggleElement('9ba82e55-d022-47d9-907d-2d7d5c386652','block');changeSingleIcon('span-9ba82e55-d022-47d9-907d-2d7d5c386652');" title="Click to expand/collapse" style="cursor: pointer;">
	<div style="float:left;"><i>Class&nbsp;:&nbsp;</i>Selenium.VerifyLogin4</div>
	<div style="float:right;">@Test @ with DataProvider : [""] &nbsp;&nbsp;<span id='span-9ba82e55-d022-47d9-907d-2d7d5c386652' class="glyphicon glyphicon-menu-down"></span></div>
	</td>
	</tr>
<tr>
	<td class="time">1709126225628</td>
	<td class="methodTest">
		<span class="description"><b>Method: </b>testLogin01</span><br>
			<span class="description"><b>Description: </b>TC01: Verify Login Successful</span><br>
				<span class="description"><b>Priority: </b><font color='blue'>1</font></span><br>
					<span class="description"><b>Groups: </b><font color='green'>Smoke Test, Regression Test</font></span><br>
				<span class="duration"><b>Duration: </b>10.001s</span><br>
	</td>
	<td class="result">
						<div class="noCollapse" id="9ba82e55-d022-47d9-907d-2d7d5c386652" style="display: block;">
						<a href="javascript:toggleElement('exception-9ba82e55-d022-47d9-907d-2d7d5c386652','block')" title="Click to expand/collapse"><b>org.openqa.selenium.StaleElementReferenceException: stale element reference: stale element not found<br/>
&nbsp; (Session info: chrome=121.0.6167.189)<br/>
For documentation on this error, please visit: https://www.selenium.dev/documentation/webdriver/troubleshooting/errors#stale-element-reference-exception<br/>
Build info: version: &apos;4.18.1&apos;, revision: &apos;b1d3319b48&apos;<br/>
System info: os.name: &apos;Windows 11&apos;, os.arch: &apos;amd64&apos;, os.version: &apos;10.0&apos;, java.version: &apos;21.0.2&apos;<br/>
Driver info: org.openqa.selenium.chrome.ChromeDriver<br/>
Command: [9920f005fc795b7fd685c5399ae06bbd, clickElement {id=4F12B3822EE89F766FAF8E15E65FBAE0_element_13}]<br/>
Capabilities {acceptInsecureCerts: false, browserName: chrome, browserVersion: 121.0.6167.189, chrome: {chromedriverVersion: 121.0.6167.184 (057a8ae7deb..., userDataDir: C:\Users\Admin\AppData\Loca...}, fedcm:accounts: true, goog:chromeOptions: {debuggerAddress: localhost:54048}, networkConnectionEnabled: false, pageLoadStrategy: normal, platformName: windows, proxy: Proxy(), se:cdp: ws://localhost:54048/devtoo..., se:cdpVersion: 121.0.6167.189, setWindowRect: true, strictFileInteractability: false, timeouts: {implicit: 0, pageLoad: 300000, script: 30000}, unhandledPromptBehavior: dismiss and notify, webauthn:extension:credBlob: true, webauthn:extension:largeBlob: true, webauthn:extension:minPinLength: true, webauthn:extension:prf: true, webauthn:virtualAuthenticators: true}<br/>
Element: [[ChromeDriver: chrome on windows (9920f005fc795b7fd685c5399ae06bbd)] -&gt; xpath: //*[@id=&quot;login&quot;]/button]<br/>
Session ID: 9920f005fc795b7fd685c5399ae06bbd</b></a><br/>
		<div class="stackTrace" id="exception-9ba82e55-d022-47d9-907d-2d7d5c386652">
					java.base/jdk.internal.reflect.DirectConstructorHandleAccessor.newInstance(DirectConstructorHandleAccessor.java:62)<br/>
					java.base/java.lang.reflect.Constructor.newInstanceWithCaller(Constructor.java:502)<br/>
					java.base/java.lang.reflect.Constructor.newInstance(Constructor.java:486)<br/>
					org.openqa.selenium.remote.ErrorCodec.decode(ErrorCodec.java:167)<br/>
					org.openqa.selenium.remote.codec.w3c.W3CHttpResponseCodec.decode(W3CHttpResponseCodec.java:138)<br/>
					org.openqa.selenium.remote.codec.w3c.W3CHttpResponseCodec.decode(W3CHttpResponseCodec.java:50)<br/>
					org.openqa.selenium.remote.HttpCommandExecutor.execute(HttpCommandExecutor.java:190)<br/>
					org.openqa.selenium.remote.service.DriverCommandExecutor.invokeExecute(DriverCommandExecutor.java:216)<br/>
					org.openqa.selenium.remote.service.DriverCommandExecutor.execute(DriverCommandExecutor.java:174)<br/>
					org.openqa.selenium.remote.RemoteWebDriver.execute(RemoteWebDriver.java:519)<br/>
					org.openqa.selenium.remote.RemoteWebElement.execute(RemoteWebElement.java:223)<br/>
					org.openqa.selenium.remote.RemoteWebElement.click(RemoteWebElement.java:76)<br/>
					pages.BasePage.click(BasePage.java:49)<br/>
					pages.LoginPage.login(LoginPage.java:16)<br/>
					Selenium.VerifyLogin4.testLogin01(VerifyLogin4.java:34)<br/>
					java.base/jdk.internal.reflect.DirectMethodHandleAccessor.invoke(DirectMethodHandleAccessor.java:103)<br/>
					java.base/java.lang.reflect.Method.invoke(Method.java:580)<br/>
					org.testng.internal.invokers.MethodInvocationHelper.invokeMethod(MethodInvocationHelper.java:139)<br/>
					org.testng.internal.invokers.TestInvoker.invokeMethod(TestInvoker.java:664)<br/>
					org.testng.internal.invokers.TestInvoker.invokeTestMethod(TestInvoker.java:228)<br/>
					org.testng.internal.invokers.MethodRunner.runInSequence(MethodRunner.java:63)<br/>
					org.testng.internal.invokers.TestInvoker$MethodInvocationAgent.invoke(TestInvoker.java:961)<br/>
					org.testng.internal.invokers.TestInvoker.invokeTestMethods(TestInvoker.java:201)<br/>
					org.testng.internal.invokers.TestMethodWorker.invokeTestMethods(TestMethodWorker.java:148)<br/>
					org.testng.internal.invokers.TestMethodWorker.run(TestMethodWorker.java:128)<br/>
					java.base/java.util.concurrent.Executors$RunnableAdapter.call(Executors.java:572)<br/>
					java.base/java.util.concurrent.FutureTask.run(FutureTask.java:317)<br/>
					org.testng.internal.thread.graph.TestNGFutureTask.run(TestNGFutureTask.java:22)<br/>
					java.base/java.util.concurrent.ThreadPoolExecutor.runWorker(ThreadPoolExecutor.java:1144)<br/>
					java.base/java.util.concurrent.ThreadPoolExecutor$Worker.run(ThreadPoolExecutor.java:642)<br/>
					java.base/java.lang.Thread.run(Thread.java:1583)<br/>
						</div>
		</td>
	</div>
</tr>
									<tr>
	<td class="time">1709126225628</td>
	<td class="header failed" colspan="4" onClick="toggleElement('da47657f-9ddb-4f08-9fa2-a857a79e6723','block');changeSingleIcon('span-da47657f-9ddb-4f08-9fa2-a857a79e6723');" title="Click to expand/collapse" style="cursor: pointer;">
	<div style="float:left;"><i>Class&nbsp;:&nbsp;</i>Selenium.VerifyLogin5</div>
	<div style="float:right;">@Test @ with DataProvider : [""] &nbsp;&nbsp;<span id='span-da47657f-9ddb-4f08-9fa2-a857a79e6723' class="glyphicon glyphicon-menu-down"></span></div>
	</td>
	</tr>
<tr>
	<td class="time">1709126225628</td>
	<td class="methodTest">
		<span class="description"><b>Method: </b>testLogin01</span><br>
			<span class="description"><b>Description: </b></span><br>
							<span class="duration"><b>Duration: </b>10.033s</span><br>
	</td>
	<td class="result">
						<div class="noCollapse" id="da47657f-9ddb-4f08-9fa2-a857a79e6723" style="display: block;">
						<a href="javascript:toggleElement('exception-da47657f-9ddb-4f08-9fa2-a857a79e6723','block')" title="Click to expand/collapse"><b>java.lang.AssertionError: expected [true] but found [false]</b></a><br/>
		<div class="stackTrace" id="exception-da47657f-9ddb-4f08-9fa2-a857a79e6723">
					org.testng.Assert.fail(Assert.java:111)<br/>
					org.testng.Assert.failNotEquals(Assert.java:1578)<br/>
					org.testng.Assert.assertTrue(Assert.java:57)<br/>
					org.testng.Assert.assertTrue(Assert.java:67)<br/>
					pages.LoginPage.verifyMessage(LoginPage.java:39)<br/>
					Selenium.VerifyLogin5.testLogin01(VerifyLogin5.java:33)<br/>
					java.base/jdk.internal.reflect.DirectMethodHandleAccessor.invoke(DirectMethodHandleAccessor.java:103)<br/>
					java.base/java.lang.reflect.Method.invoke(Method.java:580)<br/>
					org.testng.internal.invokers.MethodInvocationHelper.invokeMethod(MethodInvocationHelper.java:139)<br/>
					org.testng.internal.invokers.TestInvoker.invokeMethod(TestInvoker.java:664)<br/>
					org.testng.internal.invokers.TestInvoker.invokeTestMethod(TestInvoker.java:228)<br/>
					org.testng.internal.invokers.MethodRunner.runInSequence(MethodRunner.java:63)<br/>
					org.testng.internal.invokers.TestInvoker$MethodInvocationAgent.invoke(TestInvoker.java:961)<br/>
					org.testng.internal.invokers.TestInvoker.invokeTestMethods(TestInvoker.java:201)<br/>
					org.testng.internal.invokers.TestMethodWorker.invokeTestMethods(TestMethodWorker.java:148)<br/>
					org.testng.internal.invokers.TestMethodWorker.run(TestMethodWorker.java:128)<br/>
					java.base/java.util.concurrent.Executors$RunnableAdapter.call(Executors.java:572)<br/>
					java.base/java.util.concurrent.FutureTask.run(FutureTask.java:317)<br/>
					org.testng.internal.thread.graph.TestNGFutureTask.run(TestNGFutureTask.java:22)<br/>
					java.base/java.util.concurrent.ThreadPoolExecutor.runWorker(ThreadPoolExecutor.java:1144)<br/>
					java.base/java.util.concurrent.ThreadPoolExecutor$Worker.run(ThreadPoolExecutor.java:642)<br/>
					java.base/java.lang.Thread.run(Thread.java:1583)<br/>
						</div>
		</td>
	</div>
</tr>
					<tr>
	<td class="time">1709126235663</td>
	<td class="header failed" colspan="4" onClick="toggleElement('a73d77d4-0112-448d-a984-dfc6d64b75a4','block');changeSingleIcon('span-a73d77d4-0112-448d-a984-dfc6d64b75a4');" title="Click to expand/collapse" style="cursor: pointer;">
	<div style="float:left;"><i>Class&nbsp;:&nbsp;</i>Selenium.VerifyLogin5</div>
	<div style="float:right;">@Test @ with DataProvider : [""] &nbsp;&nbsp;<span id='span-a73d77d4-0112-448d-a984-dfc6d64b75a4' class="glyphicon glyphicon-menu-down"></span></div>
	</td>
	</tr>
<tr>
	<td class="time">1709126235663</td>
	<td class="methodTest">
		<span class="description"><b>Method: </b>testLogin02</span><br>
			<span class="description"><b>Description: </b></span><br>
							<span class="duration"><b>Duration: </b>0.911s</span><br>
	</td>
	<td class="result">
						<div class="noCollapse" id="a73d77d4-0112-448d-a984-dfc6d64b75a4" style="display: block;">
						<a href="javascript:toggleElement('exception-a73d77d4-0112-448d-a984-dfc6d64b75a4','block')" title="Click to expand/collapse"><b>org.openqa.selenium.remote.UnreachableBrowserException: Error communicating with the remote browser. It may have died.<br/>
Build info: version: &apos;4.18.1&apos;, revision: &apos;b1d3319b48&apos;<br/>
System info: os.name: &apos;Windows 11&apos;, os.arch: &apos;amd64&apos;, os.version: &apos;10.0&apos;, java.version: &apos;21.0.2&apos;<br/>
Driver info: org.openqa.selenium.chrome.ChromeDriver<br/>
Command: [9920f005fc795b7fd685c5399ae06bbd, findElement [using, value]]<br/>
Capabilities {acceptInsecureCerts: false, browserName: chrome, browserVersion: 121.0.6167.189, chrome: {chromedriverVersion: 121.0.6167.184 (057a8ae7deb..., userDataDir: C:\Users\Admin\AppData\Loca...}, fedcm:accounts: true, goog:chromeOptions: {debuggerAddress: localhost:54048}, networkConnectionEnabled: false, pageLoadStrategy: normal, platformName: windows, proxy: Proxy(), se:cdp: ws://localhost:54048/devtoo..., se:cdpVersion: 121.0.6167.189, setWindowRect: true, strictFileInteractability: false, timeouts: {implicit: 0, pageLoad: 300000, script: 30000}, unhandledPromptBehavior: dismiss and notify, webauthn:extension:credBlob: true, webauthn:extension:largeBlob: true, webauthn:extension:minPinLength: true, webauthn:extension:prf: true, webauthn:virtualAuthenticators: true}<br/>
Session ID: 9920f005fc795b7fd685c5399ae06bbd</b></a><br/>
		<div class="stackTrace" id="exception-a73d77d4-0112-448d-a984-dfc6d64b75a4">
					org.openqa.selenium.remote.RemoteWebDriver.execute(RemoteWebDriver.java:546)<br/>
					org.openqa.selenium.remote.ElementLocation$ElementFinder$2.findElement(ElementLocation.java:165)<br/>
					org.openqa.selenium.remote.ElementLocation.findElement(ElementLocation.java:59)<br/>
					org.openqa.selenium.remote.RemoteWebDriver.findElement(RemoteWebDriver.java:356)<br/>
					org.openqa.selenium.remote.RemoteWebDriver.findElement(RemoteWebDriver.java:350)<br/>
					pages.BasePage.inputValue(BasePage.java:45)<br/>
					pages.LoginPage.login(LoginPage.java:15)<br/>
					Selenium.VerifyLogin5.testLogin02(VerifyLogin5.java:41)<br/>
					java.base/jdk.internal.reflect.DirectMethodHandleAccessor.invoke(DirectMethodHandleAccessor.java:103)<br/>
					java.base/java.lang.reflect.Method.invoke(Method.java:580)<br/>
					org.testng.internal.invokers.MethodInvocationHelper.invokeMethod(MethodInvocationHelper.java:139)<br/>
					org.testng.internal.invokers.TestInvoker.invokeMethod(TestInvoker.java:664)<br/>
					org.testng.internal.invokers.TestInvoker.invokeTestMethod(TestInvoker.java:228)<br/>
					org.testng.internal.invokers.MethodRunner.runInSequence(MethodRunner.java:63)<br/>
					org.testng.internal.invokers.TestInvoker$MethodInvocationAgent.invoke(TestInvoker.java:961)<br/>
					org.testng.internal.invokers.TestInvoker.invokeTestMethods(TestInvoker.java:201)<br/>
					org.testng.internal.invokers.TestMethodWorker.invokeTestMethods(TestMethodWorker.java:148)<br/>
					org.testng.internal.invokers.TestMethodWorker.run(TestMethodWorker.java:128)<br/>
					java.base/java.util.concurrent.Executors$RunnableAdapter.call(Executors.java:572)<br/>
					java.base/java.util.concurrent.FutureTask.run(FutureTask.java:317)<br/>
					org.testng.internal.thread.graph.TestNGFutureTask.run(TestNGFutureTask.java:22)<br/>
					java.base/java.util.concurrent.ThreadPoolExecutor.runWorker(ThreadPoolExecutor.java:1144)<br/>
					java.base/java.util.concurrent.ThreadPoolExecutor$Worker.run(ThreadPoolExecutor.java:642)<br/>
					java.base/java.lang.Thread.run(Thread.java:1583)<br/>
							<b>Caused by: </b> <a href="javascript:toggleElement('causedBy-a73d77d4-0112-448d-a984-dfc6d64b75a4','block')" title="Click to expand/collapse">java.util.concurrent.RejectedExecutionException: Task jdk.internal.net.http.common.SequentialScheduler$SchedulableTask@1eb61b0a rejected from java.util.concurrent.ThreadPoolExecutor@53d5c844[Terminated, pool size = 0, active threads = 0, queued tasks = 0, completed tasks = 145]</a><br/>
			<div class="stackTrace" id="causedBy-a73d77d4-0112-448d-a984-dfc6d64b75a4">
							java.base/java.util.concurrent.ThreadPoolExecutor$AbortPolicy.rejectedExecution(ThreadPoolExecutor.java:2081)<br/>
							java.base/java.util.concurrent.ThreadPoolExecutor.reject(ThreadPoolExecutor.java:841)<br/>
							java.base/java.util.concurrent.ThreadPoolExecutor.execute(ThreadPoolExecutor.java:1376)<br/>
							java.net.http/jdk.internal.net.http.HttpClientImpl$DelegatingExecutor.ensureExecutedAsync(HttpClientImpl.java:183)<br/>
							java.net.http/jdk.internal.net.http.HttpClientImpl$DelegatingExecutor.execute(HttpClientImpl.java:175)<br/>
							java.net.http/jdk.internal.net.http.common.SequentialScheduler.runOrSchedule(SequentialScheduler.java:282)<br/>
							java.net.http/jdk.internal.net.http.common.SequentialScheduler.runOrSchedule(SequentialScheduler.java:251)<br/>
							java.net.http/jdk.internal.net.http.Http1AsyncReceiver.asyncReceive(Http1AsyncReceiver.java:468)<br/>
							java.net.http/jdk.internal.net.http.Http1AsyncReceiver$Http1TubeSubscriber.onNext(Http1AsyncReceiver.java:589)<br/>
							java.net.http/jdk.internal.net.http.Http1AsyncReceiver$Http1TubeSubscriber.onNext(Http1AsyncReceiver.java:546)<br/>
							java.net.http/jdk.internal.net.http.SocketTube$InternalReadPublisher$InternalReadSubscription.read(SocketTube.java:865)<br/>
							java.net.http/jdk.internal.net.http.SocketTube$SocketFlowTask.run(SocketTube.java:181)<br/>
							java.net.http/jdk.internal.net.http.common.SequentialScheduler$SchedulableTask.run(SequentialScheduler.java:207)<br/>
							java.net.http/jdk.internal.net.http.common.SequentialScheduler.runOrSchedule(SequentialScheduler.java:280)<br/>
							java.net.http/jdk.internal.net.http.common.SequentialScheduler.runOrSchedule(SequentialScheduler.java:233)<br/>
							java.net.http/jdk.internal.net.http.SocketTube$InternalReadPublisher$InternalReadSubscription.signalReadable(SocketTube.java:782)<br/>
							java.net.http/jdk.internal.net.http.SocketTube$InternalReadPublisher$ReadEvent.signalEvent(SocketTube.java:965)<br/>
							java.net.http/jdk.internal.net.http.SocketTube$SocketFlowEvent.handle(SocketTube.java:253)<br/>
							java.net.http/jdk.internal.net.http.HttpClientImpl$SelectorManager.handleEvent(HttpClientImpl.java:1467)<br/>
							java.net.http/jdk.internal.net.http.HttpClientImpl$SelectorManager.lambda$run$3(HttpClientImpl.java:1412)<br/>
							java.base/java.util.ArrayList.forEach(ArrayList.java:1596)<br/>
							java.net.http/jdk.internal.net.http.HttpClientImpl$SelectorManager.run(HttpClientImpl.java:1412)<br/>
						</div>
				</div>
		</td>
	</div>
</tr>
						
				
			  
	</tbody>
	</table>
</div>
</body>
</html>
